<?xml version="1.0" encoding="UTF-8"?>
<TestRun id="053ece91-f08e-4931-98c6-1418ad1ae554" name="Mickey@MICKEY-PC 2010-09-26 00:39:42" runUser="Mickey-PC\Mickey" xmlns="http://microsoft.com/schemas/VisualStudio/TeamTest/2010">
  <TestSettings name="Local" id="8ea4bd18-7e7f-4bb9-b0f1-9882d8aa3ba2">
    <Description>These are default test settings for a local test run.</Description>
    <Deployment enabled="false" runDeploymentRoot="Mickey_MICKEY-PC 2010-09-26 00_39_42">
      <DeploymentItem filename="G:\Programming\Projects\Visual Studio 2010\RepositoryPattern\Data\bin\Debug\Data.dll" />
      <DeploymentItem filename="G:\Programming\Projects\Visual Studio 2010\RepositoryPattern\DataServices\bin\Debug\DataServices.dll" />
      <DeploymentItem filename="G:\Programming\Projects\Visual Studio 2010\RepositoryPattern\IEFRepository\bin\Debug\IEFRepository.dll" />
      <DeploymentItem filename="G:\Programming\Projects\Visual Studio 2010\RepositoryPattern\L2SRepository\bin\Debug\L2SRepository.dll" />
      <DeploymentItem filename="G:\Programming\Projects\Visual Studio 2010\RepositoryPattern\IL2SRepository\bin\Debug\IL2SRepository.dll" />
      <DeploymentItem filename="G:\Programming\Projects\Visual Studio 2010\RepositoryPattern\EFRepository\bin\Debug\EFRepository.dll" />
      <DeploymentItem filename="G:\Programming\Projects\Visual Studio 2010\RepositoryPattern\MemoryEFRepository\bin\Debug\MemoryEFRepository.dll" />
      <DeploymentItem filename="G:\Programming\Projects\Visual Studio 2010\RepositoryPattern\MemoryL2SRepository\bin\Debug\MemoryL2SRepository.dll" />
    </Deployment>
    <Execution>
      <TestTypeSpecific />
      <AgentRule name="Execution Agents">
      </AgentRule>
    </Execution>
  </TestSettings>
  <Times creation="2010-09-26T00:39:42.6113281+02:00" queuing="2010-09-26T00:39:44.0380859+02:00" start="2010-09-26T00:39:44.2236328+02:00" finish="2010-09-26T00:39:50.4375000+02:00" />
  <ResultSummary outcome="Error">
    <Counters total="1" executed="1" error="0" failed="0" timeout="0" aborted="1" inconclusive="0" passedButRunAborted="0" notRunnable="0" notExecuted="0" disconnected="0" warning="0" passed="0" completed="0" inProgress="0" pending="0" />
    <RunInfos>
      <RunInfo computerName="MICKEY-PC" outcome="Error" timestamp="2010-09-26T00:39:50.4365234+02:00">
        <Text>Test host process exited unexpectedly.</Text>
      </RunInfo>
    </RunInfos>
  </ResultSummary>
  <TestDefinitions>
    <UnitTest name="EFQueryReturnsArticles" storage="g:\programming\projects\visual studio 2010\repositorypattern\repository.tests\bin\debug\repository.tests.dll" id="6d4966b9-5361-5c82-1cac-ac206d6f5ce8">
      <Execution id="b529aad5-4ca4-4635-87aa-df009a653dfd" />
      <TestMethod codeBase="G:/Programming/Projects/Visual Studio 2010/RepositoryPattern/Repository.Tests/bin/Debug/Repository.Tests.DLL" adapterTypeName="Microsoft.VisualStudio.TestTools.TestTypes.Unit.UnitTestAdapter, Microsoft.VisualStudio.QualityTools.Tips.UnitTest.Adapter, Version=10.0.0.0, Culture=neutral, PublicKeyToken=b03f5f7f11d50a3a" className="Repository.Tests.EFRepository, Repository.Tests, Version=1.0.0.0, Culture=neutral, PublicKeyToken=null" name="EFQueryReturnsArticles" />
    </UnitTest>
  </TestDefinitions>
  <TestLists>
    <TestList name="Results Not in a List" id="8c84fa94-04c1-424b-9868-57a2d4851a1d" />
    <TestList name="All Loaded Results" id="19431567-8539-422a-85d7-44ee4e166bda" />
  </TestLists>
  <TestEntries>
    <TestEntry testId="6d4966b9-5361-5c82-1cac-ac206d6f5ce8" executionId="b529aad5-4ca4-4635-87aa-df009a653dfd" testListId="8c84fa94-04c1-424b-9868-57a2d4851a1d" />
  </TestEntries>
  <Results>
    <UnitTestResult executionId="b529aad5-4ca4-4635-87aa-df009a653dfd" testId="6d4966b9-5361-5c82-1cac-ac206d6f5ce8" testName="EFQueryReturnsArticles" computerName="MICKEY-PC" duration="00:00:06.0478516" startTime="2010-09-26T00:39:44.3896484+02:00" endTime="2010-09-26T00:39:50.4375000+02:00" testType="13cdc9d9-ddb5-4fa4-a97d-d965ccfc6d4b" outcome="Aborted" testListId="8c84fa94-04c1-424b-9868-57a2d4851a1d" relativeResultsDirectory="b529aad5-4ca4-4635-87aa-df009a653dfd">
    </UnitTestResult>
  </Results>
</TestRun>